<?xml version="1.0" encoding="UTF-8"?>
<coverage generated="1656324050633" clover="3.2.0">
  <project timestamp="1656324050633" name="All files">
    <metrics statements="111" coveredstatements="101" conditionals="119" coveredconditionals="98" methods="23" coveredmethods="22" elements="253" coveredelements="221" complexity="0" loc="111" ncloc="111" packages="2" files="12" classes="12"/>
    <package name="js-labs">
      <metrics statements="1" coveredstatements="1" conditionals="0" coveredconditionals="0" methods="1" coveredmethods="1"/>
      <file name="main.js" path="E:\JAVASCRIPT\js-labs\main.js">
        <metrics statements="1" coveredstatements="1" conditionals="0" coveredconditionals="0" methods="1" coveredmethods="1"/>
        <line num="2" count="1" type="stmt"/>
      </file>
    </package>
    <package name="js-labs.src">
      <metrics statements="110" coveredstatements="100" conditionals="119" coveredconditionals="98" methods="22" coveredmethods="21"/>
      <file name="05-09-main.js" path="E:\JAVASCRIPT\js-labs\src\05-09-main.js">
        <metrics statements="15" coveredstatements="15" conditionals="20" coveredconditionals="20" methods="3" coveredmethods="3"/>
        <line num="1" count="1" type="stmt"/>
        <line num="2" count="13" type="cond" truecount="4" falsecount="0"/>
        <line num="4" count="11" type="stmt"/>
        <line num="6" count="11" type="cond" truecount="2" falsecount="0"/>
        <line num="7" count="9" type="cond" truecount="2" falsecount="0"/>
        <line num="8" count="7" type="cond" truecount="2" falsecount="0"/>
        <line num="10" count="11" type="stmt"/>
        <line num="14" count="1" type="stmt"/>
        <line num="15" count="13" type="cond" truecount="4" falsecount="0"/>
        <line num="17" count="11" type="cond" truecount="2" falsecount="0"/>
        <line num="18" count="9" type="cond" truecount="2" falsecount="0"/>
        <line num="19" count="7" type="cond" truecount="2" falsecount="0"/>
        <line num="21" count="4" type="stmt"/>
        <line num="24" count="1" type="stmt"/>
        <line num="25" count="1" type="stmt"/>
      </file>
      <file name="05-10-main.js" path="E:\JAVASCRIPT\js-labs\src\05-10-main.js">
        <metrics statements="12" coveredstatements="8" conditionals="12" coveredconditionals="5" methods="1" coveredmethods="1"/>
        <line num="1" count="1" type="stmt"/>
        <line num="4" count="6" type="cond" truecount="5" falsecount="7"/>
        <line num="9" count="0" type="stmt"/>
        <line num="10" count="0" type="stmt"/>
        <line num="15" count="0" type="stmt"/>
        <line num="16" count="0" type="stmt"/>
        <line num="20" count="2" type="stmt"/>
        <line num="21" count="2" type="stmt"/>
        <line num="25" count="2" type="stmt"/>
        <line num="26" count="2" type="stmt"/>
        <line num="29" count="2" type="stmt"/>
        <line num="33" count="6" type="stmt"/>
      </file>
      <file name="05-11-main.js" path="E:\JAVASCRIPT\js-labs\src\05-11-main.js">
        <metrics statements="7" coveredstatements="3" conditionals="14" coveredconditionals="2" methods="2" coveredmethods="1"/>
        <line num="1" count="1" type="stmt"/>
        <line num="2" count="4" type="stmt"/>
        <line num="8" count="4" type="cond" truecount="2" falsecount="0"/>
        <line num="12" count="0" type="cond" truecount="0" falsecount="4"/>
        <line num="14" count="0" type="cond" truecount="0" falsecount="4"/>
        <line num="15" count="0" type="cond" truecount="0" falsecount="2"/>
        <line num="16" count="0" type="cond" truecount="0" falsecount="2"/>
      </file>
      <file name="06-08-main.js" path="E:\JAVASCRIPT\js-labs\src\06-08-main.js">
        <metrics statements="2" coveredstatements="2" conditionals="4" coveredconditionals="4" methods="1" coveredmethods="1"/>
        <line num="2" count="3" type="cond" truecount="4" falsecount="0"/>
        <line num="4" count="1" type="stmt"/>
      </file>
      <file name="06-09-main.js" path="E:\JAVASCRIPT\js-labs\src\06-09-main.js">
        <metrics statements="4" coveredstatements="4" conditionals="2" coveredconditionals="2" methods="2" coveredmethods="2"/>
        <line num="2" count="2" type="stmt"/>
        <line num="6" count="3" type="cond" truecount="2" falsecount="0"/>
        <line num="8" count="2" type="stmt"/>
        <line num="9" count="2" type="stmt"/>
      </file>
      <file name="06-10-main.js" path="E:\JAVASCRIPT\js-labs\src\06-10-main.js">
        <metrics statements="8" coveredstatements="8" conditionals="14" coveredconditionals="14" methods="2" coveredmethods="2"/>
        <line num="2" count="3" type="stmt"/>
        <line num="4" count="3" type="cond" truecount="4" falsecount="0"/>
        <line num="5" count="3" type="cond" truecount="4" falsecount="0"/>
        <line num="6" count="3" type="cond" truecount="4" falsecount="0"/>
        <line num="8" count="3" type="stmt"/>
        <line num="12" count="3" type="cond" truecount="2" falsecount="0"/>
        <line num="14" count="1" type="stmt"/>
        <line num="15" count="1" type="stmt"/>
      </file>
      <file name="06-11-main.js" path="E:\JAVASCRIPT\js-labs\src\06-11-main.js">
        <metrics statements="12" coveredstatements="12" conditionals="7" coveredconditionals="7" methods="2" coveredmethods="2"/>
        <line num="2" count="2" type="cond" truecount="2" falsecount="0"/>
        <line num="4" count="1" type="stmt"/>
        <line num="5" count="1" type="stmt"/>
        <line num="6" count="1" type="stmt"/>
        <line num="8" count="1" type="stmt"/>
        <line num="14" count="7" type="cond" truecount="2" falsecount="0"/>
        <line num="15" count="6" type="cond" truecount="2" falsecount="0"/>
        <line num="17" count="4" type="stmt"/>
        <line num="18" count="4" type="stmt"/>
        <line num="20" count="4" type="stmt"/>
        <line num="23" count="4" type="stmt"/>
        <line num="24" count="4" type="stmt"/>
      </file>
      <file name="09-09-main.js" path="E:\JAVASCRIPT\js-labs\src\09-09-main.js">
        <metrics statements="12" coveredstatements="10" conditionals="10" coveredconditionals="10" methods="2" coveredmethods="2"/>
        <line num="1" count="1" type="stmt"/>
        <line num="2" count="6" type="cond" truecount="2" falsecount="0"/>
        <line num="4" count="1" type="stmt"/>
        <line num="5" count="2" type="stmt"/>
        <line num="6" count="2" type="cond" truecount="2" falsecount="0"/>
        <line num="8" count="0" type="stmt"/>
        <line num="14" count="1" type="stmt"/>
        <line num="15" count="7" type="cond" truecount="4" falsecount="0"/>
        <line num="17" count="1" type="stmt"/>
        <line num="18" count="2" type="stmt"/>
        <line num="20" count="2" type="cond" truecount="2" falsecount="0"/>
        <line num="23" count="0" type="stmt"/>
      </file>
      <file name="09-10-main.js" path="E:\JAVASCRIPT\js-labs\src\09-10-main.js">
        <metrics statements="7" coveredstatements="7" conditionals="4" coveredconditionals="4" methods="1" coveredmethods="1"/>
        <line num="1" count="1" type="stmt"/>
        <line num="2" count="7" type="cond" truecount="4" falsecount="0"/>
        <line num="4" count="1" type="stmt"/>
        <line num="6" count="1" type="stmt"/>
        <line num="7" count="3" type="stmt"/>
        <line num="9" count="3" type="stmt"/>
        <line num="12" count="1" type="stmt"/>
      </file>
      <file name="09-11-main.js" path="E:\JAVASCRIPT\js-labs\src\09-11-main.js">
        <metrics statements="8" coveredstatements="8" conditionals="6" coveredconditionals="6" methods="1" coveredmethods="1"/>
        <line num="1" count="1" type="stmt"/>
        <line num="2" count="7" type="cond" truecount="4" falsecount="0"/>
        <line num="4" count="1" type="stmt"/>
        <line num="6" count="1" type="stmt"/>
        <line num="7" count="3" type="stmt"/>
        <line num="9" count="3" type="cond" truecount="2" falsecount="0"/>
        <line num="10" count="1" type="stmt"/>
        <line num="14" count="1" type="stmt"/>
      </file>
      <file name="09-14-main.js" path="E:\JAVASCRIPT\js-labs\src\09-14-main.js">
        <metrics statements="23" coveredstatements="23" conditionals="26" coveredconditionals="24" methods="5" coveredmethods="5"/>
        <line num="1" count="1" type="stmt"/>
        <line num="2" count="8" type="cond" truecount="4" falsecount="0"/>
        <line num="3" count="5" type="stmt"/>
        <line num="6" count="3" type="cond" truecount="2" falsecount="0"/>
        <line num="7" count="2" type="cond" truecount="2" falsecount="0"/>
        <line num="8" count="1" type="stmt"/>
        <line num="10" count="1" type="stmt"/>
        <line num="13" count="1" type="stmt"/>
        <line num="15" count="1" type="cond" truecount="1" falsecount="1"/>
        <line num="16" count="1" type="cond" truecount="1" falsecount="1"/>
        <line num="17" count="3" type="stmt"/>
        <line num="19" count="3" type="stmt"/>
        <line num="22" count="1" type="stmt"/>
        <line num="28" count="1" type="stmt"/>
        <line num="29" count="4" type="cond" truecount="4" falsecount="0"/>
        <line num="31" count="2" type="cond" truecount="2" falsecount="0"/>
        <line num="37" count="5" type="cond" truecount="2" falsecount="0"/>
        <line num="39" count="3" type="stmt"/>
        <line num="41" count="3" type="cond" truecount="2" falsecount="0"/>
        <line num="43" count="1" type="stmt"/>
        <line num="44" count="4" type="cond" truecount="2" falsecount="0"/>
        <line num="45" count="3" type="cond" truecount="2" falsecount="0"/>
        <line num="47" count="2" type="stmt"/>
      </file>
    </package>
  </project>
</coverage>
