{"E:\\JAVASCRIPT\\js-labs\\main.js": {"path":"E:\\JAVASCRIPT\\js-labs\\main.js","statementMap":{"0":{"start":{"line":2,"column":2},"end":{"line":2,"column":15}}},"fnMap":{"0":{"name":"sum","decl":{"start":{"line":1,"column":16},"end":{"line":1,"column":19}},"loc":{"start":{"line":1,"column":26},"end":{"line":3,"column":1}},"line":1}},"branchMap":{},"s":{"0":1},"f":{"0":1},"b":{},"_coverageSchema":"1a1c01bbd47fc00a2c39e90264f33305004495a9","hash":"f3fa732e31107c9fd3697e504b3d9349ab3395d6"}
,"E:\\JAVASCRIPT\\js-labs\\src\\05-09-main.js": {"path":"E:\\JAVASCRIPT\\js-labs\\src\\05-09-main.js","statementMap":{"0":{"start":{"line":1,"column":33},"end":{"line":11,"column":1}},"1":{"start":{"line":2,"column":2},"end":{"line":2,"column":51}},"2":{"start":{"line":2,"column":29},"end":{"line":2,"column":51}},"3":{"start":{"line":4,"column":14},"end":{"line":4,"column":19}},"4":{"start":{"line":6,"column":2},"end":{"line":8,"column":41}},"5":{"start":{"line":6,"column":16},"end":{"line":6,"column":37}},"6":{"start":{"line":7,"column":7},"end":{"line":8,"column":41}},"7":{"start":{"line":7,"column":22},"end":{"line":7,"column":37}},"8":{"start":{"line":8,"column":7},"end":{"line":8,"column":41}},"9":{"start":{"line":8,"column":22},"end":{"line":8,"column":41}},"10":{"start":{"line":10,"column":2},"end":{"line":10,"column":15}},"11":{"start":{"line":14,"column":33},"end":{"line":22,"column":1}},"12":{"start":{"line":15,"column":2},"end":{"line":15,"column":51}},"13":{"start":{"line":15,"column":29},"end":{"line":15,"column":51}},"14":{"start":{"line":17,"column":2},"end":{"line":17,"column":36}},"15":{"start":{"line":17,"column":16},"end":{"line":17,"column":36}},"16":{"start":{"line":18,"column":2},"end":{"line":18,"column":31}},"17":{"start":{"line":18,"column":17},"end":{"line":18,"column":31}},"18":{"start":{"line":19,"column":2},"end":{"line":19,"column":35}},"19":{"start":{"line":19,"column":17},"end":{"line":19,"column":35}},"20":{"start":{"line":21,"column":2},"end":{"line":21,"column":15}},"21":{"start":{"line":24,"column":20},"end":{"line":26,"column":1}},"22":{"start":{"line":25,"column":2},"end":{"line":25,"column":19}}},"fnMap":{"0":{"name":"(anonymous_0)","decl":{"start":{"line":1,"column":33},"end":{"line":1,"column":34}},"loc":{"start":{"line":1,"column":43},"end":{"line":11,"column":1}},"line":1},"1":{"name":"(anonymous_1)","decl":{"start":{"line":14,"column":33},"end":{"line":14,"column":34}},"loc":{"start":{"line":14,"column":43},"end":{"line":22,"column":1}},"line":14},"2":{"name":"(anonymous_2)","decl":{"start":{"line":24,"column":20},"end":{"line":24,"column":21}},"loc":{"start":{"line":24,"column":26},"end":{"line":26,"column":1}},"line":24}},"branchMap":{"0":{"loc":{"start":{"line":2,"column":2},"end":{"line":2,"column":51}},"type":"if","locations":[{"start":{"line":2,"column":2},"end":{"line":2,"column":51}},{"start":{},"end":{}}],"line":2},"1":{"loc":{"start":{"line":2,"column":6},"end":{"line":2,"column":27}},"type":"binary-expr","locations":[{"start":{"line":2,"column":6},"end":{"line":2,"column":14}},{"start":{"line":2,"column":18},"end":{"line":2,"column":27}}],"line":2},"2":{"loc":{"start":{"line":6,"column":2},"end":{"line":8,"column":41}},"type":"if","locations":[{"start":{"line":6,"column":2},"end":{"line":8,"column":41}},{"start":{"line":7,"column":7},"end":{"line":8,"column":41}}],"line":6},"3":{"loc":{"start":{"line":7,"column":7},"end":{"line":8,"column":41}},"type":"if","locations":[{"start":{"line":7,"column":7},"end":{"line":8,"column":41}},{"start":{"line":8,"column":7},"end":{"line":8,"column":41}}],"line":7},"4":{"loc":{"start":{"line":8,"column":7},"end":{"line":8,"column":41}},"type":"if","locations":[{"start":{"line":8,"column":7},"end":{"line":8,"column":41}},{"start":{},"end":{}}],"line":8},"5":{"loc":{"start":{"line":15,"column":2},"end":{"line":15,"column":51}},"type":"if","locations":[{"start":{"line":15,"column":2},"end":{"line":15,"column":51}},{"start":{},"end":{}}],"line":15},"6":{"loc":{"start":{"line":15,"column":6},"end":{"line":15,"column":27}},"type":"binary-expr","locations":[{"start":{"line":15,"column":6},"end":{"line":15,"column":14}},{"start":{"line":15,"column":18},"end":{"line":15,"column":27}}],"line":15},"7":{"loc":{"start":{"line":17,"column":2},"end":{"line":17,"column":36}},"type":"if","locations":[{"start":{"line":17,"column":2},"end":{"line":17,"column":36}},{"start":{},"end":{}}],"line":17},"8":{"loc":{"start":{"line":18,"column":2},"end":{"line":18,"column":31}},"type":"if","locations":[{"start":{"line":18,"column":2},"end":{"line":18,"column":31}},{"start":{},"end":{}}],"line":18},"9":{"loc":{"start":{"line":19,"column":2},"end":{"line":19,"column":35}},"type":"if","locations":[{"start":{"line":19,"column":2},"end":{"line":19,"column":35}},{"start":{},"end":{}}],"line":19}},"s":{"0":1,"1":13,"2":2,"3":11,"4":11,"5":2,"6":9,"7":2,"8":7,"9":3,"10":11,"11":1,"12":13,"13":2,"14":11,"15":2,"16":9,"17":2,"18":7,"19":3,"20":4,"21":1,"22":1},"f":{"0":13,"1":13,"2":1},"b":{"0":[2,11],"1":[13,12],"2":[2,9],"3":[2,7],"4":[3,4],"5":[2,11],"6":[13,12],"7":[2,9],"8":[2,7],"9":[3,4]},"_coverageSchema":"1a1c01bbd47fc00a2c39e90264f33305004495a9","hash":"f1e49af8a6a48cdf8750a59ff705cf7416f60f87"}
,"E:\\JAVASCRIPT\\js-labs\\src\\05-10-main.js": {"path":"E:\\JAVASCRIPT\\js-labs\\src\\05-10-main.js","statementMap":{"0":{"start":{"line":1,"column":31},"end":{"line":34,"column":1}},"1":{"start":{"line":4,"column":2},"end":{"line":31,"column":3}},"2":{"start":{"line":9,"column":6},"end":{"line":9,"column":21}},"3":{"start":{"line":10,"column":6},"end":{"line":10,"column":12}},"4":{"start":{"line":15,"column":6},"end":{"line":15,"column":26}},"5":{"start":{"line":16,"column":6},"end":{"line":16,"column":12}},"6":{"start":{"line":20,"column":6},"end":{"line":20,"column":22}},"7":{"start":{"line":21,"column":6},"end":{"line":21,"column":12}},"8":{"start":{"line":25,"column":6},"end":{"line":25,"column":28}},"9":{"start":{"line":26,"column":6},"end":{"line":26,"column":12}},"10":{"start":{"line":29,"column":6},"end":{"line":29,"column":30}},"11":{"start":{"line":33,"column":2},"end":{"line":33,"column":16}}},"fnMap":{"0":{"name":"(anonymous_0)","decl":{"start":{"line":1,"column":31},"end":{"line":1,"column":32}},"loc":{"start":{"line":1,"column":41},"end":{"line":34,"column":1}},"line":1}},"branchMap":{"0":{"loc":{"start":{"line":4,"column":2},"end":{"line":31,"column":3}},"type":"switch","locations":[{"start":{"line":5,"column":4},"end":{"line":5,"column":11}},{"start":{"line":6,"column":4},"end":{"line":6,"column":11}},{"start":{"line":7,"column":4},"end":{"line":7,"column":11}},{"start":{"line":8,"column":4},"end":{"line":11,"column":5}},{"start":{"line":12,"column":4},"end":{"line":12,"column":11}},{"start":{"line":13,"column":4},"end":{"line":13,"column":11}},{"start":{"line":14,"column":4},"end":{"line":17,"column":5}},{"start":{"line":18,"column":4},"end":{"line":18,"column":11}},{"start":{"line":19,"column":4},"end":{"line":22,"column":5}},{"start":{"line":23,"column":4},"end":{"line":23,"column":11}},{"start":{"line":24,"column":4},"end":{"line":27,"column":5}},{"start":{"line":28,"column":4},"end":{"line":30,"column":5}}],"line":4}},"s":{"0":1,"1":6,"2":0,"3":0,"4":0,"5":0,"6":2,"7":2,"8":2,"9":2,"10":2,"11":6},"f":{"0":6},"b":{"0":[0,0,0,0,0,0,0,1,2,1,2,2]},"_coverageSchema":"1a1c01bbd47fc00a2c39e90264f33305004495a9","hash":"d2316319cbdf14193b7a915246fa1e7e2fa7c630"}
,"E:\\JAVASCRIPT\\js-labs\\src\\05-11-main.js": {"path":"E:\\JAVASCRIPT\\js-labs\\src\\05-11-main.js","statementMap":{"0":{"start":{"line":1,"column":31},"end":{"line":9,"column":1}},"1":{"start":{"line":2,"column":19},"end":{"line":6,"column":3}},"2":{"start":{"line":8,"column":2},"end":{"line":8,"column":55}},"3":{"start":{"line":12,"column":2},"end":{"line":12,"column":39}},"4":{"start":{"line":12,"column":29},"end":{"line":12,"column":39}},"5":{"start":{"line":14,"column":2},"end":{"line":14,"column":37}},"6":{"start":{"line":14,"column":28},"end":{"line":14,"column":37}},"7":{"start":{"line":15,"column":2},"end":{"line":15,"column":30}},"8":{"start":{"line":15,"column":17},"end":{"line":15,"column":30}},"9":{"start":{"line":16,"column":2},"end":{"line":16,"column":29}},"10":{"start":{"line":16,"column":16},"end":{"line":16,"column":29}}},"fnMap":{"0":{"name":"(anonymous_0)","decl":{"start":{"line":1,"column":31},"end":{"line":1,"column":32}},"loc":{"start":{"line":1,"column":46},"end":{"line":9,"column":1}},"line":1},"1":{"name":"getTicketPrice","decl":{"start":{"line":11,"column":16},"end":{"line":11,"column":30}},"loc":{"start":{"line":11,"column":36},"end":{"line":17,"column":1}},"line":11}},"branchMap":{"0":{"loc":{"start":{"line":8,"column":9},"end":{"line":8,"column":54}},"type":"binary-expr","locations":[{"start":{"line":8,"column":9},"end":{"line":8,"column":28}},{"start":{"line":8,"column":32},"end":{"line":8,"column":54}}],"line":8},"1":{"loc":{"start":{"line":12,"column":2},"end":{"line":12,"column":39}},"type":"if","locations":[{"start":{"line":12,"column":2},"end":{"line":12,"column":39}},{"start":{},"end":{}}],"line":12},"2":{"loc":{"start":{"line":12,"column":6},"end":{"line":12,"column":27}},"type":"binary-expr","locations":[{"start":{"line":12,"column":6},"end":{"line":12,"column":14}},{"start":{"line":12,"column":18},"end":{"line":12,"column":27}}],"line":12},"3":{"loc":{"start":{"line":14,"column":2},"end":{"line":14,"column":37}},"type":"if","locations":[{"start":{"line":14,"column":2},"end":{"line":14,"column":37}},{"start":{},"end":{}}],"line":14},"4":{"loc":{"start":{"line":14,"column":6},"end":{"line":14,"column":26}},"type":"binary-expr","locations":[{"start":{"line":14,"column":6},"end":{"line":14,"column":13}},{"start":{"line":14,"column":17},"end":{"line":14,"column":26}}],"line":14},"5":{"loc":{"start":{"line":15,"column":2},"end":{"line":15,"column":30}},"type":"if","locations":[{"start":{"line":15,"column":2},"end":{"line":15,"column":30}},{"start":{},"end":{}}],"line":15},"6":{"loc":{"start":{"line":16,"column":2},"end":{"line":16,"column":29}},"type":"if","locations":[{"start":{"line":16,"column":2},"end":{"line":16,"column":29}},{"start":{},"end":{}}],"line":16}},"s":{"0":1,"1":4,"2":4,"3":0,"4":0,"5":0,"6":0,"7":0,"8":0,"9":0,"10":0},"f":{"0":4,"1":0},"b":{"0":[4,1],"1":[0,0],"2":[0,0],"3":[0,0],"4":[0,0],"5":[0,0],"6":[0,0]},"_coverageSchema":"1a1c01bbd47fc00a2c39e90264f33305004495a9","hash":"f3520a2e58225ae14af37a46fc9ce9dab181b4fa"}
,"E:\\JAVASCRIPT\\js-labs\\src\\06-08-main.js": {"path":"E:\\JAVASCRIPT\\js-labs\\src\\06-08-main.js","statementMap":{"0":{"start":{"line":2,"column":2},"end":{"line":2,"column":34}},"1":{"start":{"line":2,"column":24},"end":{"line":2,"column":34}},"2":{"start":{"line":4,"column":2},"end":{"line":4,"column":15}}},"fnMap":{"0":{"name":"calcAreaOfRetangcle","decl":{"start":{"line":1,"column":16},"end":{"line":1,"column":35}},"loc":{"start":{"line":1,"column":42},"end":{"line":5,"column":1}},"line":1}},"branchMap":{"0":{"loc":{"start":{"line":2,"column":2},"end":{"line":2,"column":34}},"type":"if","locations":[{"start":{"line":2,"column":2},"end":{"line":2,"column":34}},{"start":{},"end":{}}],"line":2},"1":{"loc":{"start":{"line":2,"column":6},"end":{"line":2,"column":22}},"type":"binary-expr","locations":[{"start":{"line":2,"column":6},"end":{"line":2,"column":12}},{"start":{"line":2,"column":16},"end":{"line":2,"column":22}}],"line":2}},"s":{"0":3,"1":2,"2":1},"f":{"0":3},"b":{"0":[2,1],"1":[3,2]},"_coverageSchema":"1a1c01bbd47fc00a2c39e90264f33305004495a9","hash":"4c2b0660c46f0a921ccb032ee3444afe52f6d72f"}
,"E:\\JAVASCRIPT\\js-labs\\src\\06-09-main.js": {"path":"E:\\JAVASCRIPT\\js-labs\\src\\06-09-main.js","statementMap":{"0":{"start":{"line":2,"column":2},"end":{"line":2,"column":21}},"1":{"start":{"line":6,"column":2},"end":{"line":6,"column":27}},"2":{"start":{"line":6,"column":14},"end":{"line":6,"column":27}},"3":{"start":{"line":8,"column":19},"end":{"line":8,"column":43}},"4":{"start":{"line":9,"column":2},"end":{"line":9,"column":35}}},"fnMap":{"0":{"name":"isEvenNumber","decl":{"start":{"line":1,"column":16},"end":{"line":1,"column":28}},"loc":{"start":{"line":1,"column":32},"end":{"line":3,"column":1}},"line":1},"1":{"name":"isPerfectSquare","decl":{"start":{"line":5,"column":16},"end":{"line":5,"column":31}},"loc":{"start":{"line":5,"column":35},"end":{"line":10,"column":1}},"line":5}},"branchMap":{"0":{"loc":{"start":{"line":6,"column":2},"end":{"line":6,"column":27}},"type":"if","locations":[{"start":{"line":6,"column":2},"end":{"line":6,"column":27}},{"start":{},"end":{}}],"line":6}},"s":{"0":2,"1":3,"2":1,"3":2,"4":2},"f":{"0":2,"1":3},"b":{"0":[1,2]},"_coverageSchema":"1a1c01bbd47fc00a2c39e90264f33305004495a9","hash":"15450c676c3b601b75ecdf92e7baed16f1031c71"}
,"E:\\JAVASCRIPT\\js-labs\\src\\06-10-main.js": {"path":"E:\\JAVASCRIPT\\js-labs\\src\\06-10-main.js","statementMap":{"0":{"start":{"line":2,"column":12},"end":{"line":2,"column":36}},"1":{"start":{"line":4,"column":2},"end":{"line":4,"column":38}},"2":{"start":{"line":4,"column":30},"end":{"line":4,"column":38}},"3":{"start":{"line":5,"column":2},"end":{"line":5,"column":38}},"4":{"start":{"line":5,"column":30},"end":{"line":5,"column":38}},"5":{"start":{"line":6,"column":2},"end":{"line":6,"column":38}},"6":{"start":{"line":6,"column":30},"end":{"line":6,"column":38}},"7":{"start":{"line":8,"column":2},"end":{"line":8,"column":13}},"8":{"start":{"line":12,"column":2},"end":{"line":12,"column":27}},"9":{"start":{"line":12,"column":18},"end":{"line":12,"column":27}},"10":{"start":{"line":14,"column":27},"end":{"line":14,"column":31}},"11":{"start":{"line":15,"column":2},"end":{"line":15,"column":34}}},"fnMap":{"0":{"name":"findMaxEven","decl":{"start":{"line":1,"column":16},"end":{"line":1,"column":27}},"loc":{"start":{"line":1,"column":37},"end":{"line":9,"column":1}},"line":1},"1":{"name":"convertHoursToSecond","decl":{"start":{"line":11,"column":16},"end":{"line":11,"column":36}},"loc":{"start":{"line":11,"column":44},"end":{"line":16,"column":1}},"line":11}},"branchMap":{"0":{"loc":{"start":{"line":4,"column":2},"end":{"line":4,"column":38}},"type":"if","locations":[{"start":{"line":4,"column":2},"end":{"line":4,"column":38}},{"start":{},"end":{}}],"line":4},"1":{"loc":{"start":{"line":4,"column":6},"end":{"line":4,"column":28}},"type":"binary-expr","locations":[{"start":{"line":4,"column":6},"end":{"line":4,"column":17}},{"start":{"line":4,"column":21},"end":{"line":4,"column":28}}],"line":4},"2":{"loc":{"start":{"line":5,"column":2},"end":{"line":5,"column":38}},"type":"if","locations":[{"start":{"line":5,"column":2},"end":{"line":5,"column":38}},{"start":{},"end":{}}],"line":5},"3":{"loc":{"start":{"line":5,"column":6},"end":{"line":5,"column":28}},"type":"binary-expr","locations":[{"start":{"line":5,"column":6},"end":{"line":5,"column":17}},{"start":{"line":5,"column":21},"end":{"line":5,"column":28}}],"line":5},"4":{"loc":{"start":{"line":6,"column":2},"end":{"line":6,"column":38}},"type":"if","locations":[{"start":{"line":6,"column":2},"end":{"line":6,"column":38}},{"start":{},"end":{}}],"line":6},"5":{"loc":{"start":{"line":6,"column":6},"end":{"line":6,"column":28}},"type":"binary-expr","locations":[{"start":{"line":6,"column":6},"end":{"line":6,"column":17}},{"start":{"line":6,"column":21},"end":{"line":6,"column":28}}],"line":6},"6":{"loc":{"start":{"line":12,"column":2},"end":{"line":12,"column":27}},"type":"if","locations":[{"start":{"line":12,"column":2},"end":{"line":12,"column":27}},{"start":{},"end":{}}],"line":12}},"s":{"0":3,"1":3,"2":1,"3":3,"4":2,"5":3,"6":1,"7":3,"8":3,"9":2,"10":1,"11":1},"f":{"0":3,"1":3},"b":{"0":[1,2],"1":[3,1],"2":[2,1],"3":[3,3],"4":[1,2],"5":[3,3],"6":[2,1]},"_coverageSchema":"1a1c01bbd47fc00a2c39e90264f33305004495a9","hash":"845293cde258eb2da9d78eca1b9dda25fb51b4e1"}
,"E:\\JAVASCRIPT\\js-labs\\src\\06-11-main.js": {"path":"E:\\JAVASCRIPT\\js-labs\\src\\06-11-main.js","statementMap":{"0":{"start":{"line":2,"column":2},"end":{"line":2,"column":43}},"1":{"start":{"line":2,"column":33},"end":{"line":2,"column":43}},"2":{"start":{"line":4,"column":19},"end":{"line":4,"column":38}},"3":{"start":{"line":5,"column":15},"end":{"line":5,"column":41}},"4":{"start":{"line":6,"column":17},"end":{"line":6,"column":23}},"5":{"start":{"line":8,"column":2},"end":{"line":8,"column":34}},"6":{"start":{"line":14,"column":2},"end":{"line":14,"column":40}},"7":{"start":{"line":14,"column":24},"end":{"line":14,"column":40}},"8":{"start":{"line":15,"column":2},"end":{"line":15,"column":40}},"9":{"start":{"line":15,"column":23},"end":{"line":15,"column":40}},"10":{"start":{"line":17,"column":23},"end":{"line":17,"column":39}},"11":{"start":{"line":18,"column":22},"end":{"line":18,"column":37}},"12":{"start":{"line":20,"column":23},"end":{"line":22,"column":27}},"13":{"start":{"line":23,"column":22},"end":{"line":23,"column":99}},"14":{"start":{"line":24,"column":2},"end":{"line":24,"column":42}}},"fnMap":{"0":{"name":"sumDigits","decl":{"start":{"line":1,"column":16},"end":{"line":1,"column":25}},"loc":{"start":{"line":1,"column":29},"end":{"line":9,"column":1}},"line":1},"1":{"name":"getFullName","decl":{"start":{"line":13,"column":16},"end":{"line":13,"column":27}},"loc":{"start":{"line":13,"column":54},"end":{"line":25,"column":1}},"line":13}},"branchMap":{"0":{"loc":{"start":{"line":2,"column":2},"end":{"line":2,"column":43}},"type":"if","locations":[{"start":{"line":2,"column":2},"end":{"line":2,"column":43}},{"start":{},"end":{}}],"line":2},"1":{"loc":{"start":{"line":13,"column":39},"end":{"line":13,"column":52}},"type":"default-arg","locations":[{"start":{"line":13,"column":50},"end":{"line":13,"column":52}}],"line":13},"2":{"loc":{"start":{"line":14,"column":2},"end":{"line":14,"column":40}},"type":"if","locations":[{"start":{"line":14,"column":2},"end":{"line":14,"column":40}},{"start":{},"end":{}}],"line":14},"3":{"loc":{"start":{"line":15,"column":2},"end":{"line":15,"column":40}},"type":"if","locations":[{"start":{"line":15,"column":2},"end":{"line":15,"column":40}},{"start":{},"end":{}}],"line":15}},"s":{"0":2,"1":1,"2":1,"3":1,"4":1,"5":1,"6":7,"7":1,"8":6,"9":2,"10":4,"11":4,"12":4,"13":4,"14":4},"f":{"0":2,"1":7},"b":{"0":[1,1],"1":[1],"2":[1,6],"3":[2,4]},"_coverageSchema":"1a1c01bbd47fc00a2c39e90264f33305004495a9","hash":"576a92bfa083c02b5ba95baec587d5adc5e19c76"}
,"E:\\JAVASCRIPT\\js-labs\\src\\09-09-main.js": {"path":"E:\\JAVASCRIPT\\js-labs\\src\\09-09-main.js","statementMap":{"0":{"start":{"line":1,"column":32},"end":{"line":9,"column":1}},"1":{"start":{"line":2,"column":2},"end":{"line":2,"column":45}},"2":{"start":{"line":2,"column":28},"end":{"line":2,"column":45}},"3":{"start":{"line":4,"column":2},"end":{"line":7,"column":3}},"4":{"start":{"line":4,"column":15},"end":{"line":4,"column":16}},"5":{"start":{"line":5,"column":20},"end":{"line":5,"column":27}},"6":{"start":{"line":6,"column":4},"end":{"line":6,"column":42}},"7":{"start":{"line":6,"column":27},"end":{"line":6,"column":42}},"8":{"start":{"line":8,"column":2},"end":{"line":8,"column":19}},"9":{"start":{"line":14,"column":34},"end":{"line":24,"column":1}},"10":{"start":{"line":15,"column":2},"end":{"line":15,"column":82}},"11":{"start":{"line":15,"column":65},"end":{"line":15,"column":82}},"12":{"start":{"line":17,"column":2},"end":{"line":21,"column":3}},"13":{"start":{"line":17,"column":15},"end":{"line":17,"column":16}},"14":{"start":{"line":18,"column":20},"end":{"line":18,"column":27}},"15":{"start":{"line":20,"column":4},"end":{"line":20,"column":48}},"16":{"start":{"line":20,"column":33},"end":{"line":20,"column":48}},"17":{"start":{"line":23,"column":2},"end":{"line":23,"column":19}}},"fnMap":{"0":{"name":"(anonymous_0)","decl":{"start":{"line":1,"column":32},"end":{"line":1,"column":33}},"loc":{"start":{"line":1,"column":42},"end":{"line":9,"column":1}},"line":1},"1":{"name":"(anonymous_1)","decl":{"start":{"line":14,"column":34},"end":{"line":14,"column":35}},"loc":{"start":{"line":14,"column":57},"end":{"line":24,"column":1}},"line":14}},"branchMap":{"0":{"loc":{"start":{"line":2,"column":2},"end":{"line":2,"column":45}},"type":"if","locations":[{"start":{"line":2,"column":2},"end":{"line":2,"column":45}},{"start":{},"end":{}}],"line":2},"1":{"loc":{"start":{"line":6,"column":4},"end":{"line":6,"column":42}},"type":"if","locations":[{"start":{"line":6,"column":4},"end":{"line":6,"column":42}},{"start":{},"end":{}}],"line":6},"2":{"loc":{"start":{"line":15,"column":2},"end":{"line":15,"column":82}},"type":"if","locations":[{"start":{"line":15,"column":2},"end":{"line":15,"column":82}},{"start":{},"end":{}}],"line":15},"3":{"loc":{"start":{"line":15,"column":6},"end":{"line":15,"column":63}},"type":"binary-expr","locations":[{"start":{"line":15,"column":6},"end":{"line":15,"column":26}},{"start":{"line":15,"column":30},"end":{"line":15,"column":63}}],"line":15},"4":{"loc":{"start":{"line":20,"column":4},"end":{"line":20,"column":48}},"type":"if","locations":[{"start":{"line":20,"column":4},"end":{"line":20,"column":48}},{"start":{},"end":{}}],"line":20}},"s":{"0":1,"1":6,"2":5,"3":1,"4":1,"5":2,"6":2,"7":1,"8":0,"9":1,"10":7,"11":6,"12":1,"13":1,"14":2,"15":2,"16":1,"17":0},"f":{"0":6,"1":7},"b":{"0":[5,1],"1":[1,1],"2":[6,1],"3":[7,2],"4":[1,1]},"_coverageSchema":"1a1c01bbd47fc00a2c39e90264f33305004495a9","hash":"bbbe301722b25969b13adb0ad5a1f88aa35f0abb"}
,"E:\\JAVASCRIPT\\js-labs\\src\\09-10-main.js": {"path":"E:\\JAVASCRIPT\\js-labs\\src\\09-10-main.js","statementMap":{"0":{"start":{"line":1,"column":19},"end":{"line":13,"column":1}},"1":{"start":{"line":2,"column":2},"end":{"line":2,"column":86}},"2":{"start":{"line":2,"column":69},"end":{"line":2,"column":86}},"3":{"start":{"line":4,"column":18},"end":{"line":4,"column":20}},"4":{"start":{"line":6,"column":2},"end":{"line":10,"column":3}},"5":{"start":{"line":6,"column":15},"end":{"line":6,"column":16}},"6":{"start":{"line":7,"column":20},"end":{"line":7,"column":27}},"7":{"start":{"line":9,"column":4},"end":{"line":9,"column":46}},"8":{"start":{"line":12,"column":2},"end":{"line":12,"column":17}}},"fnMap":{"0":{"name":"(anonymous_0)","decl":{"start":{"line":1,"column":19},"end":{"line":1,"column":20}},"loc":{"start":{"line":1,"column":46},"end":{"line":13,"column":1}},"line":1}},"branchMap":{"0":{"loc":{"start":{"line":2,"column":2},"end":{"line":2,"column":86}},"type":"if","locations":[{"start":{"line":2,"column":2},"end":{"line":2,"column":86}},{"start":{},"end":{}}],"line":2},"1":{"loc":{"start":{"line":2,"column":6},"end":{"line":2,"column":67}},"type":"binary-expr","locations":[{"start":{"line":2,"column":6},"end":{"line":2,"column":26}},{"start":{"line":2,"column":30},"end":{"line":2,"column":67}}],"line":2}},"s":{"0":1,"1":7,"2":6,"3":1,"4":1,"5":1,"6":3,"7":3,"8":1},"f":{"0":7},"b":{"0":[6,1],"1":[7,2]},"_coverageSchema":"1a1c01bbd47fc00a2c39e90264f33305004495a9","hash":"6904d8d33dd3fb965aea29dac57bb1d7d9bb84eb"}
,"E:\\JAVASCRIPT\\js-labs\\src\\09-11-main.js": {"path":"E:\\JAVASCRIPT\\js-labs\\src\\09-11-main.js","statementMap":{"0":{"start":{"line":1,"column":22},"end":{"line":15,"column":1}},"1":{"start":{"line":2,"column":2},"end":{"line":2,"column":82}},"2":{"start":{"line":2,"column":65},"end":{"line":2,"column":82}},"3":{"start":{"line":4,"column":18},"end":{"line":4,"column":20}},"4":{"start":{"line":6,"column":2},"end":{"line":12,"column":3}},"5":{"start":{"line":6,"column":15},"end":{"line":6,"column":16}},"6":{"start":{"line":7,"column":20},"end":{"line":7,"column":27}},"7":{"start":{"line":9,"column":4},"end":{"line":11,"column":5}},"8":{"start":{"line":10,"column":6},"end":{"line":10,"column":28}},"9":{"start":{"line":14,"column":2},"end":{"line":14,"column":17}}},"fnMap":{"0":{"name":"(anonymous_0)","decl":{"start":{"line":1,"column":22},"end":{"line":1,"column":23}},"loc":{"start":{"line":1,"column":45},"end":{"line":15,"column":1}},"line":1}},"branchMap":{"0":{"loc":{"start":{"line":2,"column":2},"end":{"line":2,"column":82}},"type":"if","locations":[{"start":{"line":2,"column":2},"end":{"line":2,"column":82}},{"start":{},"end":{}}],"line":2},"1":{"loc":{"start":{"line":2,"column":6},"end":{"line":2,"column":63}},"type":"binary-expr","locations":[{"start":{"line":2,"column":6},"end":{"line":2,"column":26}},{"start":{"line":2,"column":30},"end":{"line":2,"column":63}}],"line":2},"2":{"loc":{"start":{"line":9,"column":4},"end":{"line":11,"column":5}},"type":"if","locations":[{"start":{"line":9,"column":4},"end":{"line":11,"column":5}},{"start":{},"end":{}}],"line":9}},"s":{"0":1,"1":7,"2":6,"3":1,"4":1,"5":1,"6":3,"7":3,"8":1,"9":1},"f":{"0":7},"b":{"0":[6,1],"1":[7,2],"2":[1,2]},"_coverageSchema":"1a1c01bbd47fc00a2c39e90264f33305004495a9","hash":"fdb08ab8d5f1afd43b9cf7f5668f54dfecc91dd3"}
,"E:\\JAVASCRIPT\\js-labs\\src\\09-14-main.js": {"path":"E:\\JAVASCRIPT\\js-labs\\src\\09-14-main.js","statementMap":{"0":{"start":{"line":1,"column":22},"end":{"line":23,"column":1}},"1":{"start":{"line":2,"column":2},"end":{"line":4,"column":3}},"2":{"start":{"line":3,"column":4},"end":{"line":3,"column":34}},"3":{"start":{"line":6,"column":2},"end":{"line":11,"column":3}},"4":{"start":{"line":7,"column":4},"end":{"line":9,"column":5}},"5":{"start":{"line":8,"column":6},"end":{"line":8,"column":66}},"6":{"start":{"line":10,"column":4},"end":{"line":10,"column":24}},"7":{"start":{"line":13,"column":26},"end":{"line":13,"column":61}},"8":{"start":{"line":15,"column":15},"end":{"line":15,"column":56}},"9":{"start":{"line":16,"column":2},"end":{"line":20,"column":3}},"10":{"start":{"line":16,"column":15},"end":{"line":16,"column":38}},"11":{"start":{"line":17,"column":20},"end":{"line":17,"column":28}},"12":{"start":{"line":19,"column":4},"end":{"line":19,"column":44}},"13":{"start":{"line":22,"column":2},"end":{"line":22,"column":16}},"14":{"start":{"line":28,"column":29},"end":{"line":32,"column":1}},"15":{"start":{"line":29,"column":2},"end":{"line":29,"column":68}},"16":{"start":{"line":29,"column":51},"end":{"line":29,"column":68}},"17":{"start":{"line":31,"column":2},"end":{"line":31,"column":70}},"18":{"start":{"line":31,"column":40},"end":{"line":31,"column":67}},"19":{"start":{"line":37,"column":2},"end":{"line":37,"column":51}},"20":{"start":{"line":37,"column":34},"end":{"line":37,"column":51}},"21":{"start":{"line":39,"column":27},"end":{"line":39,"column":44}},"22":{"start":{"line":41,"column":2},"end":{"line":41,"column":52}},"23":{"start":{"line":41,"column":29},"end":{"line":41,"column":52}},"24":{"start":{"line":43,"column":2},"end":{"line":48,"column":5}},"25":{"start":{"line":44,"column":4},"end":{"line":44,"column":50}},"26":{"start":{"line":44,"column":21},"end":{"line":44,"column":50}},"27":{"start":{"line":45,"column":4},"end":{"line":45,"column":69}},"28":{"start":{"line":45,"column":40},"end":{"line":45,"column":69}},"29":{"start":{"line":47,"column":4},"end":{"line":47,"column":57}}},"fnMap":{"0":{"name":"(anonymous_0)","decl":{"start":{"line":1,"column":22},"end":{"line":1,"column":23}},"loc":{"start":{"line":1,"column":59},"end":{"line":23,"column":1}},"line":1},"1":{"name":"(anonymous_1)","decl":{"start":{"line":28,"column":29},"end":{"line":28,"column":30}},"loc":{"start":{"line":28,"column":40},"end":{"line":32,"column":1}},"line":28},"2":{"name":"(anonymous_2)","decl":{"start":{"line":31,"column":22},"end":{"line":31,"column":23}},"loc":{"start":{"line":31,"column":40},"end":{"line":31,"column":67}},"line":31},"3":{"name":"transformNumbersV3","decl":{"start":{"line":36,"column":16},"end":{"line":36,"column":34}},"loc":{"start":{"line":36,"column":47},"end":{"line":49,"column":1}},"line":36},"4":{"name":"(anonymous_4)","decl":{"start":{"line":43,"column":24},"end":{"line":43,"column":25}},"loc":{"start":{"line":43,"column":42},"end":{"line":48,"column":3}},"line":43}},"branchMap":{"0":{"loc":{"start":{"line":2,"column":2},"end":{"line":4,"column":3}},"type":"if","locations":[{"start":{"line":2,"column":2},"end":{"line":4,"column":3}},{"start":{},"end":{}}],"line":2},"1":{"loc":{"start":{"line":2,"column":6},"end":{"line":2,"column":63}},"type":"binary-expr","locations":[{"start":{"line":2,"column":6},"end":{"line":2,"column":27}},{"start":{"line":2,"column":31},"end":{"line":2,"column":63}}],"line":2},"2":{"loc":{"start":{"line":6,"column":2},"end":{"line":11,"column":3}},"type":"if","locations":[{"start":{"line":6,"column":2},"end":{"line":11,"column":3}},{"start":{},"end":{}}],"line":6},"3":{"loc":{"start":{"line":7,"column":4},"end":{"line":9,"column":5}},"type":"if","locations":[{"start":{"line":7,"column":4},"end":{"line":9,"column":5}},{"start":{},"end":{}}],"line":7},"4":{"loc":{"start":{"line":15,"column":15},"end":{"line":15,"column":56}},"type":"cond-expr","locations":[{"start":{"line":15,"column":33},"end":{"line":15,"column":45}},{"start":{"line":15,"column":48},"end":{"line":15,"column":56}}],"line":15},"5":{"loc":{"start":{"line":16,"column":15},"end":{"line":16,"column":38}},"type":"cond-expr","locations":[{"start":{"line":16,"column":33},"end":{"line":16,"column":34}},{"start":{"line":16,"column":37},"end":{"line":16,"column":38}}],"line":16},"6":{"loc":{"start":{"line":29,"column":2},"end":{"line":29,"column":68}},"type":"if","locations":[{"start":{"line":29,"column":2},"end":{"line":29,"column":68}},{"start":{},"end":{}}],"line":29},"7":{"loc":{"start":{"line":29,"column":6},"end":{"line":29,"column":49}},"type":"binary-expr","locations":[{"start":{"line":29,"column":6},"end":{"line":29,"column":27}},{"start":{"line":29,"column":31},"end":{"line":29,"column":49}}],"line":29},"8":{"loc":{"start":{"line":31,"column":40},"end":{"line":31,"column":67}},"type":"cond-expr","locations":[{"start":{"line":31,"column":55},"end":{"line":31,"column":61}},{"start":{"line":31,"column":64},"end":{"line":31,"column":67}}],"line":31},"9":{"loc":{"start":{"line":37,"column":2},"end":{"line":37,"column":51}},"type":"if","locations":[{"start":{"line":37,"column":2},"end":{"line":37,"column":51}},{"start":{},"end":{}}],"line":37},"10":{"loc":{"start":{"line":41,"column":2},"end":{"line":41,"column":52}},"type":"if","locations":[{"start":{"line":41,"column":2},"end":{"line":41,"column":52}},{"start":{},"end":{}}],"line":41},"11":{"loc":{"start":{"line":44,"column":4},"end":{"line":44,"column":50}},"type":"if","locations":[{"start":{"line":44,"column":4},"end":{"line":44,"column":50}},{"start":{},"end":{}}],"line":44},"12":{"loc":{"start":{"line":45,"column":4},"end":{"line":45,"column":69}},"type":"if","locations":[{"start":{"line":45,"column":4},"end":{"line":45,"column":69}},{"start":{},"end":{}}],"line":45}},"s":{"0":1,"1":8,"2":5,"3":3,"4":2,"5":1,"6":1,"7":1,"8":1,"9":1,"10":1,"11":3,"12":3,"13":1,"14":1,"15":4,"16":3,"17":1,"18":2,"19":5,"20":2,"21":3,"22":3,"23":2,"24":1,"25":4,"26":1,"27":3,"28":1,"29":2},"f":{"0":8,"1":4,"2":2,"3":5,"4":4},"b":{"0":[5,3],"1":[8,3],"2":[2,1],"3":[1,1],"4":[1,0],"5":[1,0],"6":[3,1],"7":[4,2],"8":[1,1],"9":[2,3],"10":[2,1],"11":[1,3],"12":[1,2]},"_coverageSchema":"1a1c01bbd47fc00a2c39e90264f33305004495a9","hash":"3189bd2f1f02a0867712a58c16b9ccb6adda78c5"}
}
