TN:
SF:main.js
FN:1,sum
FNF:1
FNH:1
FNDA:1,sum
DA:2,1
LF:1
LH:1
BRF:0
BRH:0
end_of_record
TN:
SF:src\05-09-main.js
FN:1,(anonymous_0)
FN:14,(anonymous_1)
FN:24,(anonymous_2)
FNF:3
FNH:3
FNDA:13,(anonymous_0)
FNDA:13,(anonymous_1)
FNDA:1,(anonymous_2)
DA:1,1
DA:2,13
DA:4,11
DA:6,11
DA:7,9
DA:8,7
DA:10,11
DA:14,1
DA:15,13
DA:17,11
DA:18,9
DA:19,7
DA:21,4
DA:24,1
DA:25,1
LF:15
LH:15
BRDA:2,0,0,2
BRDA:2,0,1,11
BRDA:2,1,0,13
BRDA:2,1,1,12
BRDA:6,2,0,2
BRDA:6,2,1,9
BRDA:7,3,0,2
BRDA:7,3,1,7
BRDA:8,4,0,3
BRDA:8,4,1,4
BRDA:15,5,0,2
BRDA:15,5,1,11
BRDA:15,6,0,13
BRDA:15,6,1,12
BRDA:17,7,0,2
BRDA:17,7,1,9
BRDA:18,8,0,2
BRDA:18,8,1,7
BRDA:19,9,0,3
BRDA:19,9,1,4
BRF:20
BRH:20
end_of_record
TN:
SF:src\05-10-main.js
FN:1,(anonymous_0)
FNF:1
FNH:1
FNDA:6,(anonymous_0)
DA:1,1
DA:4,6
DA:9,0
DA:10,0
DA:15,0
DA:16,0
DA:20,2
DA:21,2
DA:25,2
DA:26,2
DA:29,2
DA:33,6
LF:12
LH:8
BRDA:4,0,0,0
BRDA:4,0,1,0
BRDA:4,0,2,0
BRDA:4,0,3,0
BRDA:4,0,4,0
BRDA:4,0,5,0
BRDA:4,0,6,0
BRDA:4,0,7,1
BRDA:4,0,8,2
BRDA:4,0,9,1
BRDA:4,0,10,2
BRDA:4,0,11,2
BRF:12
BRH:5
end_of_record
TN:
SF:src\05-11-main.js
FN:1,(anonymous_0)
FN:11,getTicketPrice
FNF:2
FNH:1
FNDA:4,(anonymous_0)
FNDA:0,getTicketPrice
DA:1,1
DA:2,4
DA:8,4
DA:12,0
DA:14,0
DA:15,0
DA:16,0
LF:7
LH:3
BRDA:8,0,0,4
BRDA:8,0,1,1
BRDA:12,1,0,0
BRDA:12,1,1,0
BRDA:12,2,0,0
BRDA:12,2,1,0
BRDA:14,3,0,0
BRDA:14,3,1,0
BRDA:14,4,0,0
BRDA:14,4,1,0
BRDA:15,5,0,0
BRDA:15,5,1,0
BRDA:16,6,0,0
BRDA:16,6,1,0
BRF:14
BRH:2
end_of_record
TN:
SF:src\06-08-main.js
FN:1,calcAreaOfRetangcle
FNF:1
FNH:1
FNDA:3,calcAreaOfRetangcle
DA:2,3
DA:4,1
LF:2
LH:2
BRDA:2,0,0,2
BRDA:2,0,1,1
BRDA:2,1,0,3
BRDA:2,1,1,2
BRF:4
BRH:4
end_of_record
TN:
SF:src\06-09-main.js
FN:1,isEvenNumber
FN:5,isPerfectSquare
FNF:2
FNH:2
FNDA:2,isEvenNumber
FNDA:3,isPerfectSquare
DA:2,2
DA:6,3
DA:8,2
DA:9,2
LF:4
LH:4
BRDA:6,0,0,1
BRDA:6,0,1,2
BRF:2
BRH:2
end_of_record
TN:
SF:src\06-10-main.js
FN:1,findMaxEven
FN:11,convertHoursToSecond
FNF:2
FNH:2
FNDA:3,findMaxEven
FNDA:3,convertHoursToSecond
DA:2,3
DA:4,3
DA:5,3
DA:6,3
DA:8,3
DA:12,3
DA:14,1
DA:15,1
LF:8
LH:8
BRDA:4,0,0,1
BRDA:4,0,1,2
BRDA:4,1,0,3
BRDA:4,1,1,1
BRDA:5,2,0,2
BRDA:5,2,1,1
BRDA:5,3,0,3
BRDA:5,3,1,3
BRDA:6,4,0,1
BRDA:6,4,1,2
BRDA:6,5,0,3
BRDA:6,5,1,3
BRDA:12,6,0,2
BRDA:12,6,1,1
BRF:14
BRH:14
end_of_record
TN:
SF:src\06-11-main.js
FN:1,sumDigits
FN:13,getFullName
FNF:2
FNH:2
FNDA:2,sumDigits
FNDA:7,getFullName
DA:2,2
DA:4,1
DA:5,1
DA:6,1
DA:8,1
DA:14,7
DA:15,6
DA:17,4
DA:18,4
DA:20,4
DA:23,4
DA:24,4
LF:12
LH:12
BRDA:2,0,0,1
BRDA:2,0,1,1
BRDA:13,1,0,1
BRDA:14,2,0,1
BRDA:14,2,1,6
BRDA:15,3,0,2
BRDA:15,3,1,4
BRF:7
BRH:7
end_of_record
TN:
SF:src\09-09-main.js
FN:1,(anonymous_0)
FN:14,(anonymous_1)
FNF:2
FNH:2
FNDA:6,(anonymous_0)
FNDA:7,(anonymous_1)
DA:1,1
DA:2,6
DA:4,1
DA:5,2
DA:6,2
DA:8,0
DA:14,1
DA:15,7
DA:17,1
DA:18,2
DA:20,2
DA:23,0
LF:12
LH:10
BRDA:2,0,0,5
BRDA:2,0,1,1
BRDA:6,1,0,1
BRDA:6,1,1,1
BRDA:15,2,0,6
BRDA:15,2,1,1
BRDA:15,3,0,7
BRDA:15,3,1,2
BRDA:20,4,0,1
BRDA:20,4,1,1
BRF:10
BRH:10
end_of_record
TN:
SF:src\09-10-main.js
FN:1,(anonymous_0)
FNF:1
FNH:1
FNDA:7,(anonymous_0)
DA:1,1
DA:2,7
DA:4,1
DA:6,1
DA:7,3
DA:9,3
DA:12,1
LF:7
LH:7
BRDA:2,0,0,6
BRDA:2,0,1,1
BRDA:2,1,0,7
BRDA:2,1,1,2
BRF:4
BRH:4
end_of_record
TN:
SF:src\09-11-main.js
FN:1,(anonymous_0)
FNF:1
FNH:1
FNDA:7,(anonymous_0)
DA:1,1
DA:2,7
DA:4,1
DA:6,1
DA:7,3
DA:9,3
DA:10,1
DA:14,1
LF:8
LH:8
BRDA:2,0,0,6
BRDA:2,0,1,1
BRDA:2,1,0,7
BRDA:2,1,1,2
BRDA:9,2,0,1
BRDA:9,2,1,2
BRF:6
BRH:6
end_of_record
TN:
SF:src\09-14-main.js
FN:1,(anonymous_0)
FN:28,(anonymous_1)
FN:31,(anonymous_2)
FN:36,transformNumbersV3
FN:43,(anonymous_4)
FNF:5
FNH:5
FNDA:8,(anonymous_0)
FNDA:4,(anonymous_1)
FNDA:2,(anonymous_2)
FNDA:5,transformNumbersV3
FNDA:4,(anonymous_4)
DA:1,1
DA:2,8
DA:3,5
DA:6,3
DA:7,2
DA:8,1
DA:10,1
DA:13,1
DA:15,1
DA:16,1
DA:17,3
DA:19,3
DA:22,1
DA:28,1
DA:29,4
DA:31,2
DA:37,5
DA:39,3
DA:41,3
DA:43,1
DA:44,4
DA:45,3
DA:47,2
LF:23
LH:23
BRDA:2,0,0,5
BRDA:2,0,1,3
BRDA:2,1,0,8
BRDA:2,1,1,3
BRDA:6,2,0,2
BRDA:6,2,1,1
BRDA:7,3,0,1
BRDA:7,3,1,1
BRDA:15,4,0,1
BRDA:15,4,1,0
BRDA:16,5,0,1
BRDA:16,5,1,0
BRDA:29,6,0,3
BRDA:29,6,1,1
BRDA:29,7,0,4
BRDA:29,7,1,2
BRDA:31,8,0,1
BRDA:31,8,1,1
BRDA:37,9,0,2
BRDA:37,9,1,3
BRDA:41,10,0,2
BRDA:41,10,1,1
BRDA:44,11,0,1
BRDA:44,11,1,3
BRDA:45,12,0,1
BRDA:45,12,1,2
BRF:26
BRH:24
end_of_record
